#
# A fatal error has been detected by the Java Runtime Environment:
#
#  SIGSEGV (0xb) at pc=0x6ddd6411, pid=12578, tid=1825823600
#
# JRE version: 6.0_22-b22
# Java VM: OpenJDK Server VM (20.0-b11 mixed mode linux-x86 )
# Derivative: IcedTea6 1.10.1
# Distribution: Ubuntu Natty (development branch), package 6b22-1.10.1-0ubuntu1
# Problematic frame:
# C  [libmawt.so+0x38411]  getAwtLockFunctions+0x1d41
#
# If you would like to submit a bug report, please include
# instructions how to reproduce the bug and visit:
#   https://bugs.launchpad.net/ubuntu/+source/openjdk-6/
# The crash happened outside the Java Virtual Machine in native code.
# See problematic frame for where to report the bug.
#

---------------  T H R E A D  ---------------

Current thread (0x6d649400):  JavaThread "AWT-EventQueue-0" [_thread_in_native, id=12621, stack(0x6cced000,0x6cd3e000)]

siginfo:si_signo=SIGSEGV: si_errno=0, si_code=1 (SEGV_MAPERR), si_addr=0x00000000

Registers:
EAX=0x26f6400c, EBX=0x6dde1ff4, ECX=0x00000004, EDX=0xffffffff
ESP=0x6cd3bef0, EBP=0x6cd3bf68, ESI=0x6dde4138, EDI=0x00000000
EIP=0x6ddd6411, EFLAGS=0x00210202, CR2=0x00000000

Top of Stack: (sp=0x6cd3bef0)
0x6cd3bef0:   00000000 0927fa08 090e1400 00000000
0x6cd3bf00:   00000000 00000000 00000000 0000013a
0x6cd3bf10:   0000001e 00000004 9f526c14 00000001
0x6cd3bf20:   00000002 6ecd0ad8 000004e8 fffffb17
0x6cd3bf30:   00000000 00000001 00000001 00000000
0x6cd3bf40:   26f64008 6cd3bf74 26f6400c 6d649400
0x6cd3bf50:   00000001 00000001 6ddd629b 6dde1ff4
0x6cd3bf60:   6d649520 6cd3c000 6cd3bfa8 6ddd8ae2 

Instructions: (pc=0x6ddd6411)
0x6ddd63f1:   0b 75 dc c1 e2 18 09 d6 09 c6 8b 45 08 89 34 b8
0x6ddd6401:   83 c7 01 83 45 e0 04 3b 7d 0c 0f 84 a7 00 00 00
0x6ddd6411:   0f b6 71 fc 8d 96 ff 00 00 00 89 55 e4 8b 55 e0
0x6ddd6421:   0f b6 42 fc 8b 55 e4 29 c2 89 55 e4 74 a1 81 fa 

Register to memory mapping:

EAX=0x26f6400c is an unknown value
EBX=0x6dde1ff4: <offset 0x43ff4> in /usr/lib/jvm/java-6-openjdk/jre/lib/i386/xawt/libmawt.so at 0x6dd9e000
ECX=0x00000004 is an unknown value
EDX=0xffffffff is an unknown value
ESP=0x6cd3bef0 is pointing into the stack for thread: 0x6d649400
EBP=0x6cd3bf68 is pointing into the stack for thread: 0x6d649400
ESI=0x6dde4138: <offset 0x46138> in /usr/lib/jvm/java-6-openjdk/jre/lib/i386/xawt/libmawt.so at 0x6dd9e000
EDI=0x00000000 is an unknown value


Stack: [0x6cced000,0x6cd3e000],  sp=0x6cd3bef0,  free space=315k
Native frames: (J=compiled Java code, j=interpreted, Vv=VM code, C=native code)
C  [libmawt.so+0x38411]  getAwtLockFunctions+0x1d41
C  [libmawt.so+0x3aae2]  Java_com_sun_java_swing_plaf_gtk_GTKEngine_nativeFinishPainting+0x52
j  com.sun.java.swing.plaf.gtk.GTKEngine.nativeFinishPainting([III)I+0
j  com.sun.java.swing.plaf.gtk.GTKEngine.finishPainting(Z)V+31
j  com.sun.java.swing.plaf.gtk.GTKEngine.finishPainting()V+2
j  com.sun.java.swing.plaf.gtk.GTKPainter.paintButtonBackgroundImpl(Ljavax/swing/plaf/synth/SynthContext;Ljava/awt/Graphics;Ljavax/swing/plaf/synth/Region;Ljava/lang/String;IIIIZZZZ)V+607
j  com.sun.java.swing.plaf.gtk.GTKPainter.paintButtonBackground(Ljavax/swing/plaf/synth/SynthContext;Ljava/awt/Graphics;IIII)V+138
j  javax.swing.plaf.synth.SynthButtonUI.paintBackground(Ljavax/swing/plaf/synth/SynthContext;Ljava/awt/Graphics;Ljavax/swing/JComponent;)V+26
j  javax.swing.plaf.synth.SynthButtonUI.update(Ljava/awt/Graphics;Ljavax/swing/JComponent;)V+15
j  javax.swing.JComponent.paintComponent(Ljava/awt/Graphics;)V+26
j  javax.swing.JComponent.paint(Ljava/awt/Graphics;)V+269
j  javax.swing.JComponent.paintChildren(Ljava/awt/Graphics;)V+473
j  javax.swing.JComponent.paint(Ljava/awt/Graphics;)V+301
j  javax.swing.JComponent.paintToOffscreen(Ljava/awt/Graphics;IIIIII)V+41
j  javax.swing.BufferStrategyPaintManager.paint(Ljavax/swing/JComponent;Ljavax/swing/JComponent;Ljava/awt/Graphics;IIII)Z+157
j  javax.swing.RepaintManager.paint(Ljavax/swing/JComponent;Ljavax/swing/JComponent;Ljava/awt/Graphics;IIII)V+52
j  javax.swing.JComponent._paintImmediately(IIII)V+679
j  javax.swing.JComponent.paintImmediately(IIII)V+83
j  javax.swing.RepaintManager.paintDirtyRegions(Ljava/util/Map;)V+194
j  javax.swing.RepaintManager.paintDirtyRegions()V+46
j  javax.swing.RepaintManager.prePaintDirtyRegions()V+73
j  javax.swing.RepaintManager.access$700(Ljavax/swing/RepaintManager;)V+1
j  javax.swing.RepaintManager$ProcessingRunnable.run()V+37
j  java.awt.event.InvocationEvent.dispatch()V+47
j  java.awt.EventQueue.dispatchEventImpl(Ljava/awt/AWTEvent;Ljava/lang/Object;)V+21
j  java.awt.EventQueue.access$000(Ljava/awt/EventQueue;Ljava/awt/AWTEvent;Ljava/lang/Object;)V+3
j  java.awt.EventQueue$1.run()Ljava/lang/Void;+12
j  java.awt.EventQueue$1.run()Ljava/lang/Object;+1
v  ~StubRoutines::call_stub
V  [libjvm.so+0x38b9c2]  JavaCalls::call_helper(JavaValue*, methodHandle*, JavaCallArguments*, Thread*)+0x262
V  [libjvm.so+0x522939]  os::os_exception_wrapper(void (*)(JavaValue*, methodHandle*, JavaCallArguments*, Thread*), JavaValue*, methodHandle*, JavaCallArguments*, Thread*)+0x19
V  [libjvm.so+0x38aebf]  JavaCalls::call(JavaValue*, methodHandle, JavaCallArguments*, Thread*)+0x2f
V  [libjvm.so+0x3bfa1e]  JVM_DoPrivileged+0x1fe
C  [libjava.so+0x9c9a]  Java_java_security_AccessController_doPrivileged__Ljava_security_PrivilegedAction_2Ljava_security_AccessControlContext_2+0x3a
j  java.security.AccessController.doPrivileged(Ljava/security/PrivilegedAction;Ljava/security/AccessControlContext;)Ljava/lang/Object;+0
j  java.security.AccessControlContext$1.doIntersectionPrivilege(Ljava/security/PrivilegedAction;Ljava/security/AccessControlContext;Ljava/security/AccessControlContext;)Ljava/lang/Object;+28
j  java.awt.EventQueue.dispatchEvent(Ljava/awt/AWTEvent;)V+46
j  java.awt.EventDispatchThread.pumpOneEventForFilters(I)Z+192
j  java.awt.EventDispatchThread.pumpEventsForFilter(ILjava/awt/Conditional;Ljava/awt/EventFilter;)V+30
j  java.awt.EventDispatchThread.pumpEventsForHierarchy(ILjava/awt/Conditional;Ljava/awt/Component;)V+11
j  java.awt.EventDispatchThread.pumpEvents(ILjava/awt/Conditional;)V+4
j  java.awt.EventDispatchThread.pumpEvents(Ljava/awt/Conditional;)V+3
j  java.awt.EventDispatchThread.run()V+9
v  ~StubRoutines::call_stub
V  [libjvm.so+0x38b9c2]  JavaCalls::call_helper(JavaValue*, methodHandle*, JavaCallArguments*, Thread*)+0x262
V  [libjvm.so+0x522939]  os::os_exception_wrapper(void (*)(JavaValue*, methodHandle*, JavaCallArguments*, Thread*), JavaValue*, methodHandle*, JavaCallArguments*, Thread*)+0x19
V  [libjvm.so+0x38aebf]  JavaCalls::call(JavaValue*, methodHandle, JavaCallArguments*, Thread*)+0x2f
V  [libjvm.so+0x38b33a]  JavaCalls::call_virtual(JavaValue*, KlassHandle, symbolHandle, symbolHandle, JavaCallArguments*, Thread*)+0xea
V  [libjvm.so+0x38b498]  JavaCalls::call_virtual(JavaValue*, Handle, KlassHandle, symbolHandle, symbolHandle, Thread*)+0x58
V  [libjvm.so+0x3bc8ff]  thread_entry(JavaThread*, Thread*)+0x7f
V  [libjvm.so+0x61aaec]  JavaThread::thread_main_inner()+0x6c
V  [libjvm.so+0x61abc9]  JavaThread::run()+0xc9
V  [libjvm.so+0x520a21]  java_start(Thread*)+0x121
C  [libpthread.so.0+0x5e99]  start_thread+0xd9

Java frames: (J=compiled Java code, j=interpreted, Vv=VM code)
j  com.sun.java.swing.plaf.gtk.GTKEngine.nativeFinishPainting([III)I+0
j  com.sun.java.swing.plaf.gtk.GTKEngine.finishPainting(Z)V+31
j  com.sun.java.swing.plaf.gtk.GTKEngine.finishPainting()V+2
j  com.sun.java.swing.plaf.gtk.GTKPainter.paintButtonBackgroundImpl(Ljavax/swing/plaf/synth/SynthContext;Ljava/awt/Graphics;Ljavax/swing/plaf/synth/Region;Ljava/lang/String;IIIIZZZZ)V+607
j  com.sun.java.swing.plaf.gtk.GTKPainter.paintButtonBackground(Ljavax/swing/plaf/synth/SynthContext;Ljava/awt/Graphics;IIII)V+138
j  javax.swing.plaf.synth.SynthButtonUI.paintBackground(Ljavax/swing/plaf/synth/SynthContext;Ljava/awt/Graphics;Ljavax/swing/JComponent;)V+26
j  javax.swing.plaf.synth.SynthButtonUI.update(Ljava/awt/Graphics;Ljavax/swing/JComponent;)V+15
j  javax.swing.JComponent.paintComponent(Ljava/awt/Graphics;)V+26
j  javax.swing.JComponent.paint(Ljava/awt/Graphics;)V+269
j  javax.swing.JComponent.paintChildren(Ljava/awt/Graphics;)V+473
j  javax.swing.JComponent.paint(Ljava/awt/Graphics;)V+301
j  javax.swing.JComponent.paintToOffscreen(Ljava/awt/Graphics;IIIIII)V+41
j  javax.swing.BufferStrategyPaintManager.paint(Ljavax/swing/JComponent;Ljavax/swing/JComponent;Ljava/awt/Graphics;IIII)Z+157
j  javax.swing.RepaintManager.paint(Ljavax/swing/JComponent;Ljavax/swing/JComponent;Ljava/awt/Graphics;IIII)V+52
j  javax.swing.JComponent._paintImmediately(IIII)V+679
j  javax.swing.JComponent.paintImmediately(IIII)V+83
j  javax.swing.RepaintManager.paintDirtyRegions(Ljava/util/Map;)V+194
j  javax.swing.RepaintManager.paintDirtyRegions()V+46
j  javax.swing.RepaintManager.prePaintDirtyRegions()V+73
j  javax.swing.RepaintManager.access$700(Ljavax/swing/RepaintManager;)V+1
j  javax.swing.RepaintManager$ProcessingRunnable.run()V+37
j  java.awt.event.InvocationEvent.dispatch()V+47
j  java.awt.EventQueue.dispatchEventImpl(Ljava/awt/AWTEvent;Ljava/lang/Object;)V+21
j  java.awt.EventQueue.access$000(Ljava/awt/EventQueue;Ljava/awt/AWTEvent;Ljava/lang/Object;)V+3
j  java.awt.EventQueue$1.run()Ljava/lang/Void;+12
j  java.awt.EventQueue$1.run()Ljava/lang/Object;+1
v  ~StubRoutines::call_stub
j  java.security.AccessController.doPrivileged(Ljava/security/PrivilegedAction;Ljava/security/AccessControlContext;)Ljava/lang/Object;+0
j  java.security.AccessControlContext$1.doIntersectionPrivilege(Ljava/security/PrivilegedAction;Ljava/security/AccessControlContext;Ljava/security/AccessControlContext;)Ljava/lang/Object;+28
j  java.awt.EventQueue.dispatchEvent(Ljava/awt/AWTEvent;)V+46
j  java.awt.EventDispatchThread.pumpOneEventForFilters(I)Z+192
j  java.awt.EventDispatchThread.pumpEventsForFilter(ILjava/awt/Conditional;Ljava/awt/EventFilter;)V+30
j  java.awt.EventDispatchThread.pumpEventsForHierarchy(ILjava/awt/Conditional;Ljava/awt/Component;)V+11
j  java.awt.EventDispatchThread.pumpEvents(ILjava/awt/Conditional;)V+4
j  java.awt.EventDispatchThread.pumpEvents(Ljava/awt/Conditional;)V+3
j  java.awt.EventDispatchThread.run()V+9
v  ~StubRoutines::call_stub

---------------  P R O C E S S  ---------------

Java Threads: ( => current thread )
=>0x6d649400 JavaThread "AWT-EventQueue-0" [_thread_in_native, id=12621, stack(0x6cced000,0x6cd3e000)]
  0x6d630800 JavaThread "DestroyJavaVM" [_thread_blocked, id=12582, stack(0xb6a14000,0xb6a65000)]
  0x092a3400 JavaThread "Thread-3" [_thread_blocked, id=12620, stack(0x6cc03000,0x6cc54000)]
  0x0932bc00 JavaThread "Thread-2" [_thread_blocked, id=12619, stack(0x6cbb2000,0x6cc03000)]
  0x0930b400 JavaThread "TimerQueue" daemon [_thread_blocked, id=12614, stack(0x6cb10000,0x6cb61000)]
  0x0920dc00 JavaThread "AWT-Shutdown" [_thread_blocked, id=12606, stack(0x6d934000,0x6d985000)]
  0x090b5800 JavaThread "AWT-XAWT" daemon [_thread_in_native, id=12598, stack(0x6d985000,0x6d9d6000)]
  0x6e181400 JavaThread "Java2D Disposer" daemon [_thread_blocked, id=12597, stack(0x6db0f000,0x6db60000)]
  0x6e10e800 JavaThread "Low Memory Detector" daemon [_thread_blocked, id=12593, stack(0x6df5c000,0x6dfad000)]
  0x6e10cc00 JavaThread "C2 CompilerThread1" daemon [_thread_blocked, id=12592, stack(0x6dfad000,0x6e02e000)]
  0x6e10ac00 JavaThread "C2 CompilerThread0" daemon [_thread_blocked, id=12591, stack(0x6e02e000,0x6e0af000)]
  0x6e109000 JavaThread "Signal Dispatcher" daemon [_thread_blocked, id=12590, stack(0x6e0af000,0x6e100000)]
  0x08e4ec00 JavaThread "Finalizer" daemon [_thread_blocked, id=12589, stack(0x6e43b000,0x6e48c000)]
  0x08e4d400 JavaThread "Reference Handler" daemon [_thread_blocked, id=12588, stack(0x6e48c000,0x6e4dd000)]

Other Threads:
  0x08e49800 VMThread [stack: 0x6e4dd000,0x6e55e000] [id=12587]
  0x08e56800 WatcherThread [stack: 0x6dedb000,0x6df5c000] [id=12594]

VM state:not at safepoint (normal execution)

VM Mutex/Monitor currently owned by a thread: None

Heap
 PSYoungGen      total 38080K, used 653K [0x9f4d0000, 0xa26f0000, 0xb38d0000)
  eden space 29056K, 2% used [0x9f4d0000,0x9f573758,0xa1130000)
  from space 9024K, 0% used [0xa1e20000,0xa1e20000,0xa26f0000)
  to   space 11136K, 0% used [0xa1130000,0xa1130000,0xa1c10000)
 PSOldGen        total 663552K, used 2721K [0x76cd0000, 0x9f4d0000, 0x9f4d0000)
  object space 663552K, 0% used [0x76cd0000,0x76f786d8,0x9f4d0000)
 PSPermGen       total 39296K, used 17291K [0x6ecd0000, 0x71330000, 0x76cd0000)
  object space 39296K, 44% used [0x6ecd0000,0x6fdb2d30,0x71330000)

Code Cache  [0xb3995000, 0xb3bd5000, 0xb6995000)
 total_blobs=513 nmethods=250 adapters=217 free_code_cache=49537088 largest_free_block=7168

Dynamic libraries:
08048000-08051000 r-xp 00000000 08:06 8127645    /usr/lib/jvm/java-6-openjdk/jre/bin/java
08051000-08052000 r--p 00008000 08:06 8127645    /usr/lib/jvm/java-6-openjdk/jre/bin/java
08052000-08053000 rw-p 00009000 08:06 8127645    /usr/lib/jvm/java-6-openjdk/jre/bin/java
08d9a000-09872000 rw-p 00000000 00:00 0          [heap]
26f64000-67065000 rw-p 00000000 00:00 0 
670c9000-67113000 rw-s 00000000 00:04 117669930  /SYSV00000000 (deleted)
674d4000-67700000 rw-s 00000000 00:04 117571613  /SYSV00000000 (deleted)
67700000-67763000 rw-p 00000000 00:00 0 
67763000-67800000 ---p 00000000 00:00 0 
67803000-67804000 ---p 00000000 00:00 0 
67804000-68004000 rw-p 00000000 00:00 0 
68004000-68005000 ---p 00000000 00:00 0 
68005000-68805000 rw-p 00000000 00:00 0 
68805000-68865000 rw-s 00000000 00:04 117342239  /SYSV00000000 (deleted)
688ba000-68914000 r-xp 00000000 08:06 7867264    /tmp/libsqlitejdbc-1291671774614227425.lib
68914000-68916000 rw-p 0005a000 08:06 7867264    /tmp/libsqlitejdbc-1291671774614227425.lib
68916000-68a39000 r-xp 00000000 08:06 6820261    /usr/lib/libxml2.so.2.7.8
68a39000-68a3d000 r--p 00122000 08:06 6820261    /usr/lib/libxml2.so.2.7.8
68a3d000-68a3e000 rw-p 00126000 08:06 6820261    /usr/lib/libxml2.so.2.7.8
68a3e000-68a3f000 rw-p 00000000 00:00 0 
68a3f000-68a40000 r-xp 00000000 08:06 6821437    /usr/lib/gdk-pixbuf-2.0/2.10.0/loaders/libpixbufloader-svg.so
68a40000-68a41000 r--p 00000000 08:06 6821437    /usr/lib/gdk-pixbuf-2.0/2.10.0/loaders/libpixbufloader-svg.so
68a41000-68a42000 rw-p 00001000 08:06 6821437    /usr/lib/gdk-pixbuf-2.0/2.10.0/loaders/libpixbufloader-svg.so
68a42000-68a5c000 r--s 00000000 08:06 7212217    /usr/share/mime/mime.cache
68a5c000-68a5d000 r--s 00000000 08:06 7086124    /home/george/.local/share/mime/mime.cache
68a5d000-69400000 r--p 00000000 08:06 8935209    /usr/share/icons/hicolor/icon-theme.cache
69400000-6b6aa000 r--p 00000000 08:06 8922301    /usr/share/icons/gnome/icon-theme.cache
6b6aa000-6b6ad000 ---p 00000000 00:00 0 
6b6ad000-6b6fb000 rw-p 00000000 00:00 0 
6b6fb000-6b6fc000 ---p 00000000 00:00 0 
6b6fc000-6befc000 rw-p 00000000 00:00 0 
6befc000-6befd000 ---p 00000000 00:00 0 
6befd000-6c6fd000 rw-p 00000000 00:00 0 
6c6fd000-6c712000 r-xp 00000000 08:06 6819540    /usr/lib/libdbusmenu-glib.so.3.0.14
6c712000-6c713000 r--p 00014000 08:06 6819540    /usr/lib/libdbusmenu-glib.so.3.0.14
6c713000-6c714000 rw-p 00015000 08:06 6819540    /usr/lib/libdbusmenu-glib.so.3.0.14
6c714000-6c722000 r-xp 00000000 08:06 6819542    /usr/lib/libdbusmenu-gtk.so.3.0.14
6c722000-6c723000 r--p 0000d000 08:06 6819542    /usr/lib/libdbusmenu-gtk.so.3.0.14
6c723000-6c724000 rw-p 0000e000 08:06 6819542    /usr/lib/libdbusmenu-gtk.so.3.0.14
6c735000-6c737000 r-xp 00000000 08:06 8127375    /lib/i386-linux-gnu/libutil-2.13.so
6c737000-6c738000 r--p 00001000 08:06 8127375    /lib/i386-linux-gnu/libutil-2.13.so
6c738000-6c739000 rw-p 00002000 08:06 8127375    /lib/i386-linux-gnu/libutil-2.13.so
6c739000-6c744000 r-xp 00000000 08:06 8127374    /lib/i386-linux-gnu/libudev.so.0.11.1
6c744000-6c745000 r--p 0000a000 08:06 8127374    /lib/i386-linux-gnu/libudev.so.0.11.1
6c745000-6c746000 rw-p 0000b000 08:06 8127374    /lib/i386-linux-gnu/libudev.so.0.11.1
6c746000-6c759000 r-xp 00000000 08:06 6819820    /usr/lib/libgvfscommon.so.0.0.0
6c759000-6c75a000 r--p 00012000 08:06 6819820    /usr/lib/libgvfscommon.so.0.0.0
6c75a000-6c75b000 rw-p 00013000 08:06 6819820    /usr/lib/libgvfscommon.so.0.0.0
6c75b000-6c77e000 r-xp 00000000 08:06 6821551    /usr/lib/gio/modules/libgvfsdbus.so
6c77e000-6c77f000 r--p 00023000 08:06 6821551    /usr/lib/gio/modules/libgvfsdbus.so
6c77f000-6c780000 rw-p 00024000 08:06 6821551    /usr/lib/gio/modules/libgvfsdbus.so
6c780000-6c7bb000 r-xp 00000000 08:06 8127306    /lib/i386-linux-gnu/libdbus-1.so.3.5.4
6c7bb000-6c7bc000 r--p 0003a000 08:06 8127306    /lib/i386-linux-gnu/libdbus-1.so.3.5.4
6c7bc000-6c7bd000 rw-p 0003b000 08:06 8127306    /lib/i386-linux-gnu/libdbus-1.so.3.5.4
6c7bd000-6c7f7000 r-xp 00000000 08:06 6819836    /usr/lib/libibus.so.2.0.0
6c7f7000-6c7f8000 r--p 00039000 08:06 6819836    /usr/lib/libibus.so.2.0.0
6c7f8000-6c7f9000 rw-p 0003a000 08:06 6819836    /usr/lib/libibus.so.2.0.0
6c804000-6c808000 r-xp 00000000 08:06 6822036    /usr/lib/gtk-2.0/2.10.0/menuproxies/libappmenu.so
6c808000-6c809000 r--p 00003000 08:06 6822036    /usr/lib/gtk-2.0/2.10.0/menuproxies/libappmenu.so
6c809000-6c80a000 rw-p 00004000 08:06 6822036    /usr/lib/gtk-2.0/2.10.0/menuproxies/libappmenu.so
6c80a000-6c859000 r--p 00000000 08:06 7865316    /usr/share/fonts/truetype/ttf-dejavu/DejaVuSansMono.ttf
6c859000-6c8b1000 r--p 00000000 08:06 7865358    /usr/share/fonts/truetype/ubuntu-font-family/Ubuntu-R.ttf
6c8b1000-6c8b3000 r-xp 00000000 08:06 6822605    /usr/lib/i386-linux-gnu/pango/1.6.0/modules/pango-basic-fc.so
6c8b3000-6c8b4000 r--p 00001000 08:06 6822605    /usr/lib/i386-linux-gnu/pango/1.6.0/modules/pango-basic-fc.so
6c8b4000-6c8b5000 rw-p 00002000 08:06 6822605    /usr/lib/i386-linux-gnu/pango/1.6.0/modules/pango-basic-fc.so
6c8b5000-6c8b6000 r--s 00000000 08:06 10232471   /var/cache/fontconfig/26de28bc8622bbc1fb67fd234c21975f-le32d4.cache-3
6c8b6000-6c8b7000 r--s 00000000 08:06 10223828   /var/cache/fontconfig/c05880de57d1f5e948fdfacc138775d9-le32d4.cache-3
6c8b7000-6c8bd000 r--s 00000000 08:06 10223825   /var/cache/fontconfig/945677eb7aeaf62f1d50efc3fb3ec7d8-le32d4.cache-3
6c8bd000-6c8bf000 r--s 00000000 08:06 10223826   /var/cache/fontconfig/99e8ed0e538f840c565b6ed5dad60d56-le32d4.cache-3
6c8bf000-6c8c2000 r--s 00000000 08:06 10223836   /var/cache/fontconfig/e383d7ea5fbe662a33d9b44caf393297-le32d4.cache-3
6c8c2000-6c8c7000 r--s 00000000 08:06 10232472   /var/cache/fontconfig/401a5dd6b567794a1d18dd9342dfa604-le32d4.cache-3
6c8c7000-6c8c9000 r--s 00000000 08:06 10223813   /var/cache/fontconfig/2cd17615ca594fa2959ae173292e504c-le32d4.cache-3
6c8c9000-6c8ca000 r--s 00000000 08:06 10223837   /var/cache/fontconfig/e7071f4a29fa870f4323321c154eba04-le32d4.cache-3
6c8ca000-6c8cd000 r--s 00000000 08:06 10223822   /var/cache/fontconfig/6eb3985aa4124903f6ff08ba781cd364-le32d4.cache-3
6c8cd000-6c8ce000 r--s 00000000 08:06 10223817   /var/cache/fontconfig/4c73fe0c47614734b17d736dbde7580a-le32d4.cache-3
6c8ce000-6c8cf000 r--s 00000000 08:06 10223810   /var/cache/fontconfig/0d8c3b2ac0904cb8a57a757ad11a4a08-le32d4.cache-3
6c8cf000-6c8d0000 r--s 00000000 08:06 10223820   /var/cache/fontconfig/6a53c69dea097a2d716e069445527da8-le32d4.cache-3
6c8d0000-6c8d4000 r--s 00000000 08:06 10223827   /var/cache/fontconfig/a755afe4a08bf5b97852ceb7400b47bc-le32d4.cache-3
6c8d4000-6c8d8000 r--s 00000000 08:06 10232422   /var/cache/fontconfig/515ca1ebc4b18308bea979be5704f9db-le32d4.cache-3
6c8d8000-6c8df000 r--s 00000000 08:06 10223835   /var/cache/fontconfig/6d41288fd70b0be22e8c3a91e032eec0-le32d4.cache-3
6c8df000-6c8ea000 r--s 00000000 08:06 10223811   /var/cache/fontconfig/0f34bcd4b6ee430af32735b75db7f02b-le32d4.cache-3
6c8ea000-6c8ed000 r--s 00000000 08:06 10223833   /var/cache/fontconfig/d60319d88cac85ba9e1a07bd06cfbb8c-le32d4.cache-3
6c8ed000-6c8ee000 r--s 00000000 08:06 10227578   /var/cache/fontconfig/4794a0821666d79190d59a36cb4f44b5-le32d4.cache-3
6c8ee000-6c910000 r--s 00000000 08:06 10232149   /var/cache/fontconfig/365b55f210c0a22e9a19e35191240f32-le32d4.cache-3
6c910000-6c918000 r--s 00000000 08:06 10223832   /var/cache/fontconfig/d52a8644073d54c13679302ca1180695-le32d4.cache-3
6c918000-6c91a000 r--s 00000000 08:06 10225676   /var/cache/fontconfig/e13b20fdb08344e0e664864cc2ede53d-le32d4.cache-3
6c91a000-6c91d000 r--s 00000000 08:06 10232468   /var/cache/fontconfig/7ef2298fde41cc6eeb7af42e48b7d293-le32d4.cache-3
6c91d000-6c920000 r--p 00000000 08:06 8656632    /usr/share/locale-langpack/en_GB/LC_MESSAGES/glib20.mo
6c9a5000-6c9d6000 r-xp 00000000 08:06 6819514    /usr/lib/libcroco-0.6.so.3.0.1
6c9d6000-6c9d7000 r--p 00030000 08:06 6819514    /usr/lib/libcroco-0.6.so.3.0.1
6c9d7000-6c9d9000 rw-p 00031000 08:06 6819514    /usr/lib/libcroco-0.6.so.3.0.1
6c9d9000-6ca08000 r-xp 00000000 08:06 6820099    /usr/lib/librsvg-2.so.2.32.1
6ca08000-6ca09000 r--p 0002e000 08:06 6820099    /usr/lib/librsvg-2.so.2.32.1
6ca09000-6ca0a000 rw-p 0002f000 08:06 6820099    /usr/lib/librsvg-2.so.2.32.1
6ca0c000-6ca0f000 r--s 00077000 08:06 7211921    /usr/lib/jvm/java-6-openjdk/jre/lib/ext/localedata.jar
6ca1b000-6cb05000 r--p 00000000 08:06 8914037    /usr/share/icons/Humanity/icon-theme.cache
6cb05000-6cb10000 r--p 00000000 08:06 8921425    /usr/share/icons/Humanity-Dark/icon-theme.cache
6cb10000-6cb13000 ---p 00000000 00:00 0 
6cb13000-6cb61000 rw-p 00000000 00:00 0 
6cb61000-6cb64000 ---p 00000000 00:00 0 
6cb64000-6cbb2000 rw-p 00000000 00:00 0 
6cbb2000-6cbb5000 ---p 00000000 00:00 0 
6cbb5000-6cc03000 rw-p 00000000 00:00 0 
6cc03000-6cc06000 ---p 00000000 00:00 0 
6cc06000-6cc54000 rw-p 00000000 00:00 0 
6cce2000-6cced000 r--p 00000000 08:06 8929172    /usr/share/icons/ubuntu-mono-dark/icon-theme.cache
6cced000-6ccf0000 ---p 00000000 00:00 0 
6ccf0000-6cd3e000 rw-p 00000000 00:00 0 
6cd3e000-6cd45000 r-xp 00000000 08:06 8127608    /usr/lib/jvm/java-6-openjdk/jre/lib/i386/libnio.so
6cd45000-6cd46000 r--p 00006000 08:06 8127608    /usr/lib/jvm/java-6-openjdk/jre/lib/i386/libnio.so
6cd46000-6cd47000 rw-p 00007000 08:06 8127608    /usr/lib/jvm/java-6-openjdk/jre/lib/i386/libnio.so
6cd47000-6cd5a000 r-xp 00000000 08:06 8127607    /usr/lib/jvm/java-6-openjdk/jre/lib/i386/libnet.so
6cd5a000-6cd5b000 r--p 00013000 08:06 8127607    /usr/lib/jvm/java-6-openjdk/jre/lib/i386/libnet.so
6cd5b000-6cd5c000 rw-p 00014000 08:06 8127607    /usr/lib/jvm/java-6-openjdk/jre/lib/i386/libnet.so
6cd5c000-6cd89000 r-xp 00000000 08:06 6822019    /usr/lib/gtk-2.0/2.10.0/engines/libmurrine.so
6cd89000-6cd8a000 r--p 0002c000 08:06 6822019    /usr/lib/gtk-2.0/2.10.0/engines/libmurrine.so
6cd8a000-6cd8b000 rw-p 0002d000 08:06 6822019    /usr/lib/gtk-2.0/2.10.0/engines/libmurrine.so
6cd8b000-6cd90000 r-xp 00000000 08:06 6819989    /usr/lib/libogg.so.0.7.0
6cd90000-6cd91000 r--p 00004000 08:06 6819989    /usr/lib/libogg.so.0.7.0
6cd91000-6cd92000 rw-p 00005000 08:06 6819989    /usr/lib/libogg.so.0.7.0
6cd92000-6cdb7000 r-xp 00000000 08:06 6820222    /usr/lib/libvorbis.so.0.4.5
6cdb7000-6cdb8000 r--p 00025000 08:06 6820222    /usr/lib/libvorbis.so.0.4.5
6cdb8000-6cdb9000 rw-p 00026000 08:06 6820222    /usr/lib/libvorbis.so.0.4.5
6cdb9000-6cdc0000 r-xp 00000000 08:06 6819910    /usr/lib/libltdl.so.7.2.1
6cdc0000-6cdc1000 r--p 00006000 08:06 6819910    /usr/lib/libltdl.so.7.2.1
6cdc1000-6cdc2000 rw-p 00007000 08:06 6819910    /usr/lib/libltdl.so.7.2.1
6cdc2000-6cdd1000 r-xp 00000000 08:06 6820160    /usr/lib/libtdb.so.1.2.9
6cdd1000-6cdd2000 r--p 0000e000 08:06 6820160    /usr/lib/libtdb.so.1.2.9
6cdd2000-6cdd3000 rw-p 0000f000 08:06 6820160    /usr/lib/libtdb.so.1.2.9
6cdd3000-6cdd6000 r-xp 00000000 08:06 6819482    /usr/lib/libcanberra-gtk.so.0.1.8
6cdd6000-6cdd7000 r--p 00002000 08:06 6819482    /usr/lib/libcanberra-gtk.so.0.1.8
6cdd7000-6cdd8000 rw-p 00003000 08:06 6819482    /usr/lib/libcanberra-gtk.so.0.1.8
6cdd9000-6cddd000 r-xp 00000000 08:06 6822027    /usr/lib/gtk-2.0/2.10.0/immodules/im-ibus.so
6cddd000-6cdde000 r--p 00003000 08:06 6822027    /usr/lib/gtk-2.0/2.10.0/immodules/im-ibus.so
6cdde000-6cddf000 rw-p 00004000 08:06 6822027    /usr/lib/gtk-2.0/2.10.0/immodules/im-ibus.so
6cddf000-6cde6000 r-xp 00000000 08:06 6822020    /usr/lib/gtk-2.0/2.10.0/engines/libpixmap.so
6cde6000-6cde7000 ---p 00007000 08:06 6822020    /usr/lib/gtk-2.0/2.10.0/engines/libpixmap.so
6cde7000-6cde8000 r--p 00007000 08:06 6822020    /usr/lib/gtk-2.0/2.10.0/engines/libpixmap.so
6cde8000-6cde9000 rw-p 00008000 08:06 6822020    /usr/lib/gtk-2.0/2.10.0/engines/libpixmap.so
6cde9000-6ce0f000 r-xp 00000000 08:06 8127320    /lib/i386-linux-gnu/libexpat.so.1.5.2
6ce0f000-6ce10000 ---p 00026000 08:06 8127320    /lib/i386-linux-gnu/libexpat.so.1.5.2
6ce10000-6ce12000 r--p 00026000 08:06 8127320    /lib/i386-linux-gnu/libexpat.so.1.5.2
6ce12000-6ce13000 rw-p 00028000 08:06 8127320    /lib/i386-linux-gnu/libexpat.so.1.5.2
6ce13000-6ce2c000 r-xp 00000000 08:06 8127368    /lib/i386-linux-gnu/libselinux.so.1
6ce2c000-6ce2d000 r--p 00018000 08:06 8127368    /lib/i386-linux-gnu/libselinux.so.1
6ce2d000-6ce2e000 rw-p 00019000 08:06 8127368    /lib/i386-linux-gnu/libselinux.so.1
6ce2e000-6ce3f000 r-xp 00000000 08:06 8127364    /lib/i386-linux-gnu/libresolv-2.13.so
6ce3f000-6ce40000 r--p 00010000 08:06 8127364    /lib/i386-linux-gnu/libresolv-2.13.so
6ce40000-6ce41000 rw-p 00011000 08:06 8127364    /lib/i386-linux-gnu/libresolv-2.13.so
6ce41000-6ce43000 rw-p 00000000 00:00 0 
6ce43000-6ce80000 r-xp 00000000 08:06 8127359    /lib/i386-linux-gnu/libpcre.so.3.12.1
6ce80000-6ce81000 r--p 0003c000 08:06 8127359    /lib/i386-linux-gnu/libpcre.so.3.12.1
6ce81000-6ce82000 rw-p 0003d000 08:06 8127359    /lib/i386-linux-gnu/libpcre.so.3.12.1
6ce82000-6cea5000 r-xp 00000000 08:06 8127361    /lib/i386-linux-gnu/libpng12.so.0.44.0
6cea5000-6cea6000 r--p 00022000 08:06 8127361    /lib/i386-linux-gnu/libpng12.so.0.44.0
6cea6000-6cea7000 rw-p 00023000 08:06 8127361    /lib/i386-linux-gnu/libpng12.so.0.44.0
6cea7000-6cf0e000 r-xp 00000000 08:06 6820026    /usr/lib/libpixman-1.so.0.20.2
6cf0e000-6cf0f000 ---p 00067000 08:06 6820026    /usr/lib/libpixman-1.so.0.20.2
6cf0f000-6cf12000 r--p 00067000 08:06 6820026    /usr/lib/libpixman-1.so.0.20.2
6cf12000-6cf13000 rw-p 0006a000 08:06 6820026    /usr/lib/libpixman-1.so.0.20.2
6cf13000-6cfe8000 r-xp 00000000 08:06 8127329    /lib/i386-linux-gnu/libglib-2.0.so.0.2800.6
6cfe8000-6cfe9000 r--p 000d4000 08:06 8127329    /lib/i386-linux-gnu/libglib-2.0.so.0.2800.6
6cfe9000-6cfea000 rw-p 000d5000 08:06 8127329    /lib/i386-linux-gnu/libglib-2.0.so.0.2800.6
6cfea000-6d02f000 r-xp 00000000 08:06 6822192    /usr/lib/i386-linux-gnu/libgobject-2.0.so.0.2800.6
6d02f000-6d030000 r--p 00044000 08:06 6822192    /usr/lib/i386-linux-gnu/libgobject-2.0.so.0.2800.6
6d030000-6d031000 rw-p 00045000 08:06 6822192    /usr/lib/i386-linux-gnu/libgobject-2.0.so.0.2800.6
6d031000-6d06f000 r-xp 00000000 08:06 6822226    /usr/lib/i386-linux-gnu/libpango-1.0.so.0.2800.4
6d06f000-6d070000 r--p 0003e000 08:06 6822226    /usr/lib/i386-linux-gnu/libpango-1.0.so.0.2800.4
6d070000-6d071000 rw-p 0003f000 08:06 6822226    /usr/lib/i386-linux-gnu/libpango-1.0.so.0.2800.4
6d071000-6d16f000 r-xp 00000000 08:06 6822182    /usr/lib/i386-linux-gnu/libgio-2.0.so.0.2800.6
6d16f000-6d170000 ---p 000fe000 08:06 6822182    /usr/lib/i386-linux-gnu/libgio-2.0.so.0.2800.6
6d170000-6d172000 r--p 000fe000 08:06 6822182    /usr/lib/i386-linux-gnu/libgio-2.0.so.0.2800.6
6d172000-6d173000 rw-p 00100000 08:06 6822182    /usr/lib/i386-linux-gnu/libgio-2.0.so.0.2800.6
6d173000-6d174000 rw-p 00000000 00:00 0 
6d174000-6d222000 r-xp 00000000 08:06 6819474    /usr/lib/libcairo.so.2.11000.2
6d222000-6d223000 ---p 000ae000 08:06 6819474    /usr/lib/libcairo.so.2.11000.2
6d223000-6d224000 r--p 000ae000 08:06 6819474    /usr/lib/libcairo.so.2.11000.2
6d224000-6d225000 rw-p 000af000 08:06 6819474    /usr/lib/libcairo.so.2.11000.2
6d225000-6d227000 rw-p 00000000 00:00 0 
6d227000-6d5f8000 r-xp 00000000 08:06 6819779    /usr/lib/libgtk-x11-2.0.so.0.2400.4
6d5f8000-6d5fc000 r--p 003d0000 08:06 6819779    /usr/lib/libgtk-x11-2.0.so.0.2400.4
6d5fc000-6d5fe000 rw-p 003d4000 08:06 6819779    /usr/lib/libgtk-x11-2.0.so.0.2400.4
6d5fe000-6d600000 rw-p 00000000 00:00 0 
6d600000-6d6fc000 rw-p 00000000 00:00 0 
6d6fc000-6d700000 ---p 00000000 00:00 0 
6d700000-6d70e000 r-xp 00000000 08:06 6819484    /usr/lib/libcanberra.so.0.2.5
6d70e000-6d70f000 r--p 0000d000 08:06 6819484    /usr/lib/libcanberra.so.0.2.5
6d70f000-6d710000 rw-p 0000e000 08:06 6819484    /usr/lib/libcanberra.so.0.2.5
6d710000-6d73d000 r-xp 00000000 08:06 6822173    /usr/lib/i386-linux-gnu/libfontconfig.so.1.4.4
6d73d000-6d73e000 r--p 0002c000 08:06 6822173    /usr/lib/i386-linux-gnu/libfontconfig.so.1.4.4
6d73e000-6d73f000 rw-p 0002d000 08:06 6822173    /usr/lib/i386-linux-gnu/libfontconfig.so.1.4.4
6d73f000-6d764000 r-xp 00000000 08:06 6822230    /usr/lib/i386-linux-gnu/libpangoft2-1.0.so.0.2800.4
6d764000-6d765000 ---p 00025000 08:06 6822230    /usr/lib/i386-linux-gnu/libpangoft2-1.0.so.0.2800.4
6d765000-6d766000 r--p 00025000 08:06 6822230    /usr/lib/i386-linux-gnu/libpangoft2-1.0.so.0.2800.4
6d766000-6d767000 rw-p 00026000 08:06 6822230    /usr/lib/i386-linux-gnu/libpangoft2-1.0.so.0.2800.4
6d767000-6d7fc000 r-xp 00000000 08:06 6819637    /usr/lib/libgdk-x11-2.0.so.0.2400.4
6d7fc000-6d7fd000 ---p 00095000 08:06 6819637    /usr/lib/libgdk-x11-2.0.so.0.2400.4
6d7fd000-6d7ff000 r--p 00095000 08:06 6819637    /usr/lib/libgdk-x11-2.0.so.0.2400.4
6d7ff000-6d800000 rw-p 00097000 08:06 6819637    /usr/lib/libgdk-x11-2.0.so.0.2400.4
6d800000-6d900000 rw-p 00000000 00:00 0 
6d900000-6d907000 r-xp 00000000 08:06 6820226    /usr/lib/libvorbisfile.so.3.3.4
6d907000-6d908000 r--p 00006000 08:06 6820226    /usr/lib/libvorbisfile.so.3.3.4
6d908000-6d909000 rw-p 00007000 08:06 6820226    /usr/lib/libvorbisfile.so.3.3.4
6d909000-6d90d000 r-xp 00000000 08:06 6822042    /usr/lib/gtk-2.0/modules/libcanberra-gtk-module.so
6d90d000-6d90e000 r--p 00003000 08:06 6822042    /usr/lib/gtk-2.0/modules/libcanberra-gtk-module.so
6d90e000-6d90f000 rw-p 00004000 08:06 6822042    /usr/lib/gtk-2.0/modules/libcanberra-gtk-module.so
6d90f000-6d915000 r-xp 00000000 08:06 6822259    /usr/lib/i386-linux-gnu/libxcb-render.so.0.0.0
6d915000-6d916000 r--p 00005000 08:06 6822259    /usr/lib/i386-linux-gnu/libxcb-render.so.0.0.0
6d916000-6d917000 rw-p 00006000 08:06 6822259    /usr/lib/i386-linux-gnu/libxcb-render.so.0.0.0
6d917000-6d932000 r-xp 00000000 08:06 6819639    /usr/lib/libgdk_pixbuf-2.0.so.0.2300.3
6d932000-6d933000 r--p 0001a000 08:06 6819639    /usr/lib/libgdk_pixbuf-2.0.so.0.2300.3
6d933000-6d934000 rw-p 0001b000 08:06 6819639    /usr/lib/libgdk_pixbuf-2.0.so.0.2300.3
6d934000-6d937000 ---p 00000000 00:00 0 
6d937000-6d985000 rw-p 00000000 00:00 0 
6d985000-6d988000 ---p 00000000 00:00 0 
6d988000-6d9d6000 rw-p 00000000 00:00 0 
6d9d6000-6d9d7000 r--s 00000000 08:06 10232471   /var/cache/fontconfig/26de28bc8622bbc1fb67fd234c21975f-le32d4.cache-3
6d9d7000-6d9d8000 r--s 00000000 08:06 10223828   /var/cache/fontconfig/c05880de57d1f5e948fdfacc138775d9-le32d4.cache-3
6d9d8000-6d9de000 r--s 00000000 08:06 10223825   /var/cache/fontconfig/945677eb7aeaf62f1d50efc3fb3ec7d8-le32d4.cache-3
6d9de000-6d9e0000 r--s 00000000 08:06 10223826   /var/cache/fontconfig/99e8ed0e538f840c565b6ed5dad60d56-le32d4.cache-3
6d9e0000-6d9e3000 r--s 00000000 08:06 10223836   /var/cache/fontconfig/e383d7ea5fbe662a33d9b44caf393297-le32d4.cache-3
6d9e3000-6d9e8000 r--s 00000000 08:06 10232472   /var/cache/fontconfig/401a5dd6b567794a1d18dd9342dfa604-le32d4.cache-3
6d9e8000-6d9ea000 r--s 00000000 08:06 10223813   /var/cache/fontconfig/2cd17615ca594fa2959ae173292e504c-le32d4.cache-3
6d9ea000-6d9eb000 r--s 00000000 08:06 10223837   /var/cache/fontconfig/e7071f4a29fa870f4323321c154eba04-le32d4.cache-3
6d9eb000-6d9ee000 r--s 00000000 08:06 10223822   /var/cache/fontconfig/6eb3985aa4124903f6ff08ba781cd364-le32d4.cache-3
6d9ee000-6d9ef000 r--s 00000000 08:06 10223817   /var/cache/fontconfig/4c73fe0c47614734b17d736dbde7580a-le32d4.cache-3
6d9ef000-6d9f0000 r--s 00000000 08:06 10223810   /var/cache/fontconfig/0d8c3b2ac0904cb8a57a757ad11a4a08-le32d4.cache-3
6d9f0000-6d9f1000 r--s 00000000 08:06 10223820   /var/cache/fontconfig/6a53c69dea097a2d716e069445527da8-le32d4.cache-3
6d9f1000-6d9f5000 r--s 00000000 08:06 10223827   /var/cache/fontconfig/a755afe4a08bf5b97852ceb7400b47bc-le32d4.cache-3
6d9f5000-6d9f9000 r--s 00000000 08:06 10232422   /var/cache/fontconfig/515ca1ebc4b18308bea979be5704f9db-le32d4.cache-3
6d9f9000-6da00000 r--s 00000000 08:06 10223835   /var/cache/fontconfig/6d41288fd70b0be22e8c3a91e032eec0-le32d4.cache-3
6da00000-6da0b000 r--s 00000000 08:06 10223811   /var/cache/fontconfig/0f34bcd4b6ee430af32735b75db7f02b-le32d4.cache-3
6da0b000-6da0e000 r--s 00000000 08:06 10223833   /var/cache/fontconfig/d60319d88cac85ba9e1a07bd06cfbb8c-le32d4.cache-3
6da0e000-6da0f000 r--s 00000000 08:06 10227578   /var/cache/fontconfig/4794a0821666d79190d59a36cb4f44b5-le32d4.cache-3
6da0f000-6da31000 r--s 00000000 08:06 10232149   /var/cache/fontconfig/365b55f210c0a22e9a19e35191240f32-le32d4.cache-3
6da33000-6da35000 r-xp 00000000 08:06 6822263    /usr/lib/i386-linux-gnu/libxcb-shm.so.0.0.0
6da35000-6da36000 r--p 00001000 08:06 6822263    /usr/lib/i386-linux-gnu/libxcb-shm.so.0.0.0
6da36000-6da37000 rw-p 00002000 08:06 6822263    /usr/lib/i386-linux-gnu/libxcb-shm.so.0.0.0
6da37000-6da3d000 r-xp 00000000 08:06 6822137    /usr/lib/i386-linux-gnu/libXrandr.so.2.2.0
6da3d000-6da3e000 r--p 00005000 08:06 6822137    /usr/lib/i386-linux-gnu/libXrandr.so.2.2.0
6da3e000-6da3f000 rw-p 00006000 08:06 6822137    /usr/lib/i386-linux-gnu/libXrandr.so.2.2.0
6da3f000-6da58000 r-xp 00000000 08:06 6822147    /usr/lib/i386-linux-gnu/libatk-1.0.so.0.9.1
6da58000-6da59000 ---p 00019000 08:06 6822147    /usr/lib/i386-linux-gnu/libatk-1.0.so.0.9.1
6da59000-6da5a000 r--p 00019000 08:06 6822147    /usr/lib/i386-linux-gnu/libatk-1.0.so.0.9.1
6da5a000-6da5b000 rw-p 0001a000 08:06 6822147    /usr/lib/i386-linux-gnu/libatk-1.0.so.0.9.1
6da5b000-6da5c000 r--s 00000000 08:06 10232471   /var/cache/fontconfig/26de28bc8622bbc1fb67fd234c21975f-le32d4.cache-3
6da5c000-6da5d000 r--s 00000000 08:06 10223828   /var/cache/fontconfig/c05880de57d1f5e948fdfacc138775d9-le32d4.cache-3
6da5d000-6da63000 r--s 00000000 08:06 10223825   /var/cache/fontconfig/945677eb7aeaf62f1d50efc3fb3ec7d8-le32d4.cache-3
6da63000-6da65000 r--s 00000000 08:06 10223826   /var/cache/fontconfig/99e8ed0e538f840c565b6ed5dad60d56-le32d4.cache-3
6da65000-6da68000 r--s 00000000 08:06 10223836   /var/cache/fontconfig/e383d7ea5fbe662a33d9b44caf393297-le32d4.cache-3
6da68000-6da6d000 r--s 00000000 08:06 10232472   /var/cache/fontconfig/401a5dd6b567794a1d18dd9342dfa604-le32d4.cache-3
6da6d000-6da6f000 r--s 00000000 08:06 10223813   /var/cache/fontconfig/2cd17615ca594fa2959ae173292e504c-le32d4.cache-3
6da6f000-6da70000 r--s 00000000 08:06 10223837   /var/cache/fontconfig/e7071f4a29fa870f4323321c154eba04-le32d4.cache-3
6da70000-6da73000 r--s 00000000 08:06 10223822   /var/cache/fontconfig/6eb3985aa4124903f6ff08ba781cd364-le32d4.cache-3
6da73000-6da74000 r--s 00000000 08:06 10223817   /var/cache/fontconfig/4c73fe0c47614734b17d736dbde7580a-le32d4.cache-3
6da74000-6da75000 r--s 00000000 08:06 10223810   /var/cache/fontconfig/0d8c3b2ac0904cb8a57a757ad11a4a08-le32d4.cache-3
6da75000-6da76000 r--s 00000000 08:06 10223820   /var/cache/fontconfig/6a53c69dea097a2d716e069445527da8-le32d4.cache-3
6da76000-6da7a000 r--s 00000000 08:06 10223827   /var/cache/fontconfig/a755afe4a08bf5b97852ceb7400b47bc-le32d4.cache-3
6da7a000-6da7e000 r--s 00000000 08:06 10232422   /var/cache/fontconfig/515ca1ebc4b18308bea979be5704f9db-le32d4.cache-3
6da7e000-6da85000 r--s 00000000 08:06 10223835   /var/cache/fontconfig/6d41288fd70b0be22e8c3a91e032eec0-le32d4.cache-3
6da85000-6da90000 r--s 00000000 08:06 10223811   /var/cache/fontconfig/0f34bcd4b6ee430af32735b75db7f02b-le32d4.cache-3
6da90000-6da93000 r--s 00000000 08:06 10223833   /var/cache/fontconfig/d60319d88cac85ba9e1a07bd06cfbb8c-le32d4.cache-3
6da93000-6da94000 r--s 00000000 08:06 10227578   /var/cache/fontconfig/4794a0821666d79190d59a36cb4f44b5-le32d4.cache-3
6da94000-6dab6000 r--s 00000000 08:06 10232149   /var/cache/fontconfig/365b55f210c0a22e9a19e35191240f32-le32d4.cache-3
6dab7000-6dab9000 r-xp 00000000 08:06 6822135    /usr/lib/i386-linux-gnu/libXinerama.so.1.0.0
6dab9000-6daba000 r--p 00001000 08:06 6822135    /usr/lib/i386-linux-gnu/libXinerama.so.1.0.0
6daba000-6dabb000 rw-p 00002000 08:06 6822135    /usr/lib/i386-linux-gnu/libXinerama.so.1.0.0
6dabb000-6dabe000 r-xp 00000000 08:06 6822198    /usr/lib/i386-linux-gnu/libgthread-2.0.so.0.2800.6
6dabe000-6dabf000 r--p 00003000 08:06 6822198    /usr/lib/i386-linux-gnu/libgthread-2.0.so.0.2800.6
6dabf000-6dac0000 rw-p 00004000 08:06 6822198    /usr/lib/i386-linux-gnu/libgthread-2.0.so.0.2800.6
6dac0000-6dac2000 r-xp 00000000 08:06 6822184    /usr/lib/i386-linux-gnu/libgmodule-2.0.so.0.2800.6
6dac2000-6dac3000 r--p 00002000 08:06 6822184    /usr/lib/i386-linux-gnu/libgmodule-2.0.so.0.2800.6
6dac3000-6dac4000 rw-p 00003000 08:06 6822184    /usr/lib/i386-linux-gnu/libgmodule-2.0.so.0.2800.6
6dac4000-6dac6000 r-xp 00000000 08:06 6822123    /usr/lib/i386-linux-gnu/libXdamage.so.1.1.0
6dac6000-6dac7000 r--p 00001000 08:06 6822123    /usr/lib/i386-linux-gnu/libXdamage.so.1.1.0
6dac7000-6dac8000 rw-p 00002000 08:06 6822123    /usr/lib/i386-linux-gnu/libXdamage.so.1.1.0
6dac8000-6daca000 r-xp 00000000 08:06 6822119    /usr/lib/i386-linux-gnu/libXcomposite.so.1.0.0
6daca000-6dacb000 r--p 00001000 08:06 6822119    /usr/lib/i386-linux-gnu/libXcomposite.so.1.0.0
6dacb000-6dacc000 rw-p 00002000 08:06 6822119    /usr/lib/i386-linux-gnu/libXcomposite.so.1.0.0
6dacc000-6dad0000 r--p 00000000 08:06 8656672    /usr/share/locale-langpack/en_GB/LC_MESSAGES/gtk20-properties.mo
6dad0000-6dad8000 r-xp 00000000 08:06 6819980    /usr/lib/liboverlay-scrollbar-0.1.so.0.0.12
6dad8000-6dad9000 r--p 00007000 08:06 6819980    /usr/lib/liboverlay-scrollbar-0.1.so.0.0.12
6dad9000-6dada000 rw-p 00008000 08:06 6819980    /usr/lib/liboverlay-scrollbar-0.1.so.0.0.12
6dada000-6dadb000 r--p 00000000 08:06 8656720    /usr/share/locale-langpack/en_GB/LC_MESSAGES/libc.mo
6dadb000-6dadd000 r--p 00000000 08:06 8656673    /usr/share/locale-langpack/en_GB/LC_MESSAGES/gtk20.mo
6dadd000-6dae1000 r-xp 00000000 08:06 6822129    /usr/lib/i386-linux-gnu/libXfixes.so.3.1.0
6dae1000-6dae2000 r--p 00003000 08:06 6822129    /usr/lib/i386-linux-gnu/libXfixes.so.3.1.0
6dae2000-6dae3000 rw-p 00004000 08:06 6822129    /usr/lib/i386-linux-gnu/libXfixes.so.3.1.0
6dae3000-6daeb000 r-xp 00000000 08:06 6822121    /usr/lib/i386-linux-gnu/libXcursor.so.1.0.2
6daeb000-6daec000 r--p 00007000 08:06 6822121    /usr/lib/i386-linux-gnu/libXcursor.so.1.0.2
6daec000-6daed000 rw-p 00008000 08:06 6822121    /usr/lib/i386-linux-gnu/libXcursor.so.1.0.2
6daee000-6daf8000 r-xp 00000000 08:06 6822228    /usr/lib/i386-linux-gnu/libpangocairo-1.0.so.0.2800.4
6daf8000-6daf9000 r--p 00009000 08:06 6822228    /usr/lib/i386-linux-gnu/libpangocairo-1.0.so.0.2800.4
6daf9000-6dafa000 rw-p 0000a000 08:06 6822228    /usr/lib/i386-linux-gnu/libpangocairo-1.0.so.0.2800.4
6dafa000-6dafe000 r--s 0007c000 08:06 7211926    /usr/lib/jvm/java-6-openjdk/jre/lib/jsse.jar
6dafe000-6db05000 r--s 000fb000 08:06 7211930    /usr/lib/jvm/java-6-openjdk/jre/lib/resources.jar
6db05000-6db0d000 r--s 00000000 08:06 10223832   /var/cache/fontconfig/d52a8644073d54c13679302ca1180695-le32d4.cache-3
6db0d000-6db0f000 r--s 00000000 08:06 10225676   /var/cache/fontconfig/e13b20fdb08344e0e664864cc2ede53d-le32d4.cache-3
6db0f000-6db12000 ---p 00000000 00:00 0 
6db12000-6db60000 rw-p 00000000 00:00 0 
6db60000-6dbe1000 r-xp 00000000 08:06 6822175    /usr/lib/i386-linux-gnu/libfreetype.so.6.6.2
6dbe1000-6dbe5000 r--p 00080000 08:06 6822175    /usr/lib/i386-linux-gnu/libfreetype.so.6.6.2
6dbe5000-6dbe6000 rw-p 00084000 08:06 6822175    /usr/lib/i386-linux-gnu/libfreetype.so.6.6.2
6dbe6000-6dc1e000 r-xp 00000000 08:06 8127590    /usr/lib/jvm/java-6-openjdk/jre/lib/i386/libfontmanager.so
6dc1e000-6dc1f000 ---p 00038000 08:06 8127590    /usr/lib/jvm/java-6-openjdk/jre/lib/i386/libfontmanager.so
6dc1f000-6dc20000 r--p 00038000 08:06 8127590    /usr/lib/jvm/java-6-openjdk/jre/lib/i386/libfontmanager.so
6dc20000-6dc21000 rw-p 00039000 08:06 8127590    /usr/lib/jvm/java-6-openjdk/jre/lib/i386/libfontmanager.so
6dc21000-6dc25000 r-xp 00000000 08:06 6822125    /usr/lib/i386-linux-gnu/libXdmcp.so.6.0.0
6dc25000-6dc26000 r--p 00003000 08:06 6822125    /usr/lib/i386-linux-gnu/libXdmcp.so.6.0.0
6dc26000-6dc27000 rw-p 00004000 08:06 6822125    /usr/lib/i386-linux-gnu/libXdmcp.so.6.0.0
6dc27000-6dc29000 r-xp 00000000 08:06 6822117    /usr/lib/i386-linux-gnu/libXau.so.6.0.0
6dc29000-6dc2a000 r--p 00001000 08:06 6822117    /usr/lib/i386-linux-gnu/libXau.so.6.0.0
6dc2a000-6dc2b000 rw-p 00002000 08:06 6822117    /usr/lib/i386-linux-gnu/libXau.so.6.0.0
6dc2b000-6dc42000 r-xp 00000000 08:06 6822265    /usr/lib/i386-linux-gnu/libxcb.so.1.1.0
6dc42000-6dc43000 r--p 00016000 08:06 6822265    /usr/lib/i386-linux-gnu/libxcb.so.1.1.0
6dc43000-6dc44000 rw-p 00017000 08:06 6822265    /usr/lib/i386-linux-gnu/libxcb.so.1.1.0
6dc44000-6dc51000 r-xp 00000000 08:06 6822133    /usr/lib/i386-linux-gnu/libXi.so.6.1.0
6dc51000-6dc52000 r--p 0000c000 08:06 6822133    /usr/lib/i386-linux-gnu/libXi.so.6.1.0
6dc52000-6dc53000 rw-p 0000d000 08:06 6822133    /usr/lib/i386-linux-gnu/libXi.so.6.1.0
6dc53000-6dc57000 r-xp 00000000 08:06 6819410    /usr/lib/libXtst.so.6.1.0
6dc57000-6dc58000 r--p 00003000 08:06 6819410    /usr/lib/libXtst.so.6.1.0
6dc58000-6dc59000 rw-p 00004000 08:06 6819410    /usr/lib/libXtst.so.6.1.0
6dc59000-6dc61000 r-xp 00000000 08:06 6822139    /usr/lib/i386-linux-gnu/libXrender.so.1.3.0
6dc61000-6dc62000 r--p 00007000 08:06 6822139    /usr/lib/i386-linux-gnu/libXrender.so.1.3.0
6dc62000-6dc63000 rw-p 00008000 08:06 6822139    /usr/lib/i386-linux-gnu/libXrender.so.1.3.0
6dc63000-6dd79000 r-xp 00000000 08:06 6822115    /usr/lib/i386-linux-gnu/libX11.so.6.3.0
6dd79000-6dd7a000 ---p 00116000 08:06 6822115    /usr/lib/i386-linux-gnu/libX11.so.6.3.0
6dd7a000-6dd7b000 r--p 00116000 08:06 6822115    /usr/lib/i386-linux-gnu/libX11.so.6.3.0
6dd7b000-6dd7d000 rw-p 00117000 08:06 6822115    /usr/lib/i386-linux-gnu/libX11.so.6.3.0
6dd7d000-6dd7e000 rw-p 00000000 00:00 0 
6dd7e000-6dd8b000 r-xp 00000000 08:06 6822127    /usr/lib/i386-linux-gnu/libXext.so.6.4.0
6dd8b000-6dd8c000 r--p 0000c000 08:06 6822127    /usr/lib/i386-linux-gnu/libXext.so.6.4.0
6dd8c000-6dd8d000 rw-p 0000d000 08:06 6822127    /usr/lib/i386-linux-gnu/libXext.so.6.4.0
6dd8e000-6dd91000 r--s 00000000 08:06 10232468   /var/cache/fontconfig/7ef2298fde41cc6eeb7af42e48b7d293-le32d4.cache-3
6dd91000-6dd99000 r--s 00000000 08:06 10223832   /var/cache/fontconfig/d52a8644073d54c13679302ca1180695-le32d4.cache-3
6dd99000-6dd9b000 r--s 00000000 08:06 10225676   /var/cache/fontconfig/e13b20fdb08344e0e664864cc2ede53d-le32d4.cache-3
6dd9b000-6dd9e000 r--s 00000000 08:06 10232468   /var/cache/fontconfig/7ef2298fde41cc6eeb7af42e48b7d293-le32d4.cache-3
6dd9e000-6dde1000 r-xp 00000000 08:06 8128264    /usr/lib/jvm/java-6-openjdk/jre/lib/i386/xawt/libmawt.so
6dde1000-6dde2000 r--p 00042000 08:06 8128264    /usr/lib/jvm/java-6-openjdk/jre/lib/i386/xawt/libmawt.so
6dde2000-6dde4000 rw-p 00043000 08:06 8128264    /usr/lib/jvm/java-6-openjdk/jre/lib/i386/xawt/libmawt.so
6dde4000-6dde5000 rw-p 00000000 00:00 0 
6dde5000-6de6e000 r-xp 00000000 08:06 8127588    /usr/lib/jvm/java-6-openjdk/jre/lib/i386/libawt.so
6de6e000-6de6f000 r--p 00088000 08:06 8127588    /usr/lib/jvm/java-6-openjdk/jre/lib/i386/libawt.so
6de6f000-6de76000 rw-p 00089000 08:06 8127588    /usr/lib/jvm/java-6-openjdk/jre/lib/i386/libawt.so
6de76000-6de9a000 rw-p 00000000 00:00 0 
6de9a000-6de9c000 r--s 00005000 08:06 11142254   /home/george/ISEGameOfLife/presage/lib/stax-api-1.0.1.jar
6de9c000-6de9f000 r--s 00029000 08:06 11142253   /home/george/ISEGameOfLife/presage/lib/stax-1.2.0.jar
6de9f000-6dea6000 r--s 000a5000 08:06 11142251   /home/george/ISEGameOfLife/presage/lib/mysql-connector-java-5.1.6-bin.jar
6dea6000-6deb9000 r--s 000ce000 08:06 11142250   /home/george/ISEGameOfLife/presage/lib/jung-1.7.6.jar
6deb9000-6dec9000 r--s 0013d000 08:06 11142249   /home/george/ISEGameOfLife/presage/lib/jfreechart-1.0.11.jar
6dec9000-6ded4000 r--s 00064000 08:06 11142247   /home/george/ISEGameOfLife/presage/lib/formsrt.jar
6ded4000-6dedb000 r--s 00030000 08:06 11142246   /home/george/ISEGameOfLife/presage/lib/concurrent.jar
6dedb000-6dedc000 ---p 00000000 00:00 0 
6dedc000-6df5c000 rw-p 00000000 00:00 0 
6df5c000-6df5f000 ---p 00000000 00:00 0 
6df5f000-6dfad000 rw-p 00000000 00:00 0 
6dfad000-6dfb0000 ---p 00000000 00:00 0 
6dfb0000-6e02e000 rw-p 00000000 00:00 0 
6e02e000-6e031000 ---p 00000000 00:00 0 
6e031000-6e0af000 rw-p 00000000 00:00 0 
6e0af000-6e0b2000 ---p 00000000 00:00 0 
6e0b2000-6e100000 rw-p 00000000 00:00 0 
6e100000-6e1f9000 rw-p 00000000 00:00 0 
6e1f9000-6e200000 ---p 00000000 00:00 0 
6e200000-6e206000 r--s 00046000 08:06 11142248   /home/george/ISEGameOfLife/presage/lib/jcommon-1.0.14.jar
6e206000-6e214000 r--s 0007f000 08:06 11142245   /home/george/ISEGameOfLife/presage/lib/commons-collections-3.2.1.jar
6e214000-6e222000 r--s 00081000 08:06 11142244   /home/george/ISEGameOfLife/presage/lib/colt.jar
6e222000-6e232000 r--s 0013d000 08:06 9176729    /home/george/ISEGameOfLife/lib/jfreechart-1.0.11.jar
6e232000-6e23a000 r--s 00066000 08:06 7211971    /usr/share/java/gnome-java-bridge.jar
6e23a000-6e23b000 r--p 00299000 08:06 6823385    /usr/lib/locale/locale-archive
6e23b000-6e43b000 r--p 00000000 08:06 6823385    /usr/lib/locale/locale-archive
6e43b000-6e43e000 ---p 00000000 00:00 0 
6e43e000-6e48c000 rw-p 00000000 00:00 0 
6e48c000-6e48f000 ---p 00000000 00:00 0 
6e48f000-6e4dd000 rw-p 00000000 00:00 0 
6e4dd000-6e4de000 ---p 00000000 00:00 0 
6e4de000-6e591000 rw-p 00000000 00:00 0 
6e591000-6e721000 r--s 037af000 08:06 7211940    /usr/lib/jvm/java-6-openjdk/jre/lib/rt.jar
6e721000-6e722000 ---p 00000000 00:00 0 
6e722000-6e7a2000 rw-p 00000000 00:00 0 
6e7a2000-6e7a3000 ---p 00000000 00:00 0 
6e7a3000-6e823000 rw-p 00000000 00:00 0 
6e823000-6e824000 ---p 00000000 00:00 0 
6e824000-6e8a4000 rw-p 00000000 00:00 0 
6e8a4000-6e8a5000 ---p 00000000 00:00 0 
6e8a5000-6e939000 rw-p 00000000 00:00 0 
6e939000-6e965000 rw-p 00000000 00:00 0 
6e965000-6eaa9000 rw-p 00000000 00:00 0 
6eaa9000-6eabd000 rw-p 00000000 00:00 0 
6eabd000-6eae9000 rw-p 00000000 00:00 0 
6eae9000-6ec2d000 rw-p 00000000 00:00 0 
6ec2d000-6ec47000 rw-p 00000000 00:00 0 
6ec47000-6ec48000 ---p 00000000 00:00 0 
6ec48000-6eccf000 rw-p 00000000 00:00 0 
6eccf000-71330000 rw-p 00000000 00:00 0 
71330000-76cd0000 rw-p 00000000 00:00 0 
76cd0000-9f4d0000 rw-p 00000000 00:00 0 
9f4d0000-a26f0000 rw-p 00000000 00:00 0 
a26f0000-a28f0000 ---p 00000000 00:00 0 
a28f0000-b38d0000 rw-p 00000000 00:00 0 
b38d1000-b38d5000 r--s 0028c000 08:06 9176783    /home/george/ISEGameOfLife/lib/sqlitejdbc-v056.jar
b38d5000-b38de000 rw-p 00000000 00:00 0 
b38de000-b3995000 rw-p 00000000 00:00 0 
b3995000-b3bd5000 rwxp 00000000 00:00 0 
b3bd5000-b6995000 rw-p 00000000 00:00 0 
b6995000-b699f000 r-xp 00000000 08:06 8127343    /lib/i386-linux-gnu/libnss_files-2.13.so
b699f000-b69a0000 r--p 00009000 08:06 8127343    /lib/i386-linux-gnu/libnss_files-2.13.so
b69a0000-b69a1000 rw-p 0000a000 08:06 8127343    /lib/i386-linux-gnu/libnss_files-2.13.so
b69a1000-b69aa000 r-xp 00000000 08:06 8127347    /lib/i386-linux-gnu/libnss_nis-2.13.so
b69aa000-b69ab000 r--p 00008000 08:06 8127347    /lib/i386-linux-gnu/libnss_nis-2.13.so
b69ab000-b69ac000 rw-p 00009000 08:06 8127347    /lib/i386-linux-gnu/libnss_nis-2.13.so
b69ac000-b69ad000 r--p 00000000 08:06 8656616    /usr/share/locale-langpack/en_GB/LC_MESSAGES/gdk-pixbuf.mo
b69ad000-b69b3000 r-xp 00000000 08:06 8127614    /usr/lib/jvm/java-6-openjdk/jre/lib/i386/libzip.so
b69b3000-b69b4000 r--p 00005000 08:06 8127614    /usr/lib/jvm/java-6-openjdk/jre/lib/i386/libzip.so
b69b4000-b69b5000 rw-p 00006000 08:06 8127614    /usr/lib/jvm/java-6-openjdk/jre/lib/i386/libzip.so
b69b5000-b69bd000 rw-s 00000000 08:06 7998186    /tmp/hsperfdata_george/12578
b69bd000-b69d0000 r-xp 00000000 08:06 8127337    /lib/i386-linux-gnu/libnsl-2.13.so
b69d0000-b69d1000 r--p 00012000 08:06 8127337    /lib/i386-linux-gnu/libnsl-2.13.so
b69d1000-b69d2000 rw-p 00013000 08:06 8127337    /lib/i386-linux-gnu/libnsl-2.13.so
b69d2000-b69d4000 rw-p 00000000 00:00 0 
b69d4000-b69d5000 r--p 00000000 00:00 0 
b69d5000-b69db000 r--s 00028000 08:06 11142252   /home/george/ISEGameOfLife/presage/lib/simple-xml-1.7.2.jar
b69db000-b69e1000 r-xp 00000000 08:06 8127339    /lib/i386-linux-gnu/libnss_compat-2.13.so
b69e1000-b69e2000 r--p 00005000 08:06 8127339    /lib/i386-linux-gnu/libnss_compat-2.13.so
b69e2000-b69e3000 rw-p 00006000 08:06 8127339    /lib/i386-linux-gnu/libnss_compat-2.13.so
b69e3000-b69e4000 rw-p 00000000 00:00 0 
b69e4000-b69e5000 r--p 00000000 00:00 0 
b69e5000-b6a08000 r-xp 00000000 08:06 8127597    /usr/lib/jvm/java-6-openjdk/jre/lib/i386/libjava.so
b6a08000-b6a09000 r--p 00022000 08:06 8127597    /usr/lib/jvm/java-6-openjdk/jre/lib/i386/libjava.so
b6a09000-b6a0b000 rw-p 00023000 08:06 8127597    /usr/lib/jvm/java-6-openjdk/jre/lib/i386/libjava.so
b6a0b000-b6a12000 r-xp 00000000 08:06 8127366    /lib/i386-linux-gnu/librt-2.13.so
b6a12000-b6a13000 r--p 00006000 08:06 8127366    /lib/i386-linux-gnu/librt-2.13.so
b6a13000-b6a14000 rw-p 00007000 08:06 8127366    /lib/i386-linux-gnu/librt-2.13.so
b6a14000-b6a17000 ---p 00000000 00:00 0 
b6a17000-b6a65000 rw-p 00000000 00:00 0 
b6a65000-b6a7f000 r-xp 00000000 08:06 8127325    /lib/i386-linux-gnu/libgcc_s.so.1
b6a7f000-b6a80000 r--p 00019000 08:06 8127325    /lib/i386-linux-gnu/libgcc_s.so.1
b6a80000-b6a81000 rw-p 0001a000 08:06 8127325    /lib/i386-linux-gnu/libgcc_s.so.1
b6a81000-b6aa5000 r-xp 00000000 08:06 8127334    /lib/i386-linux-gnu/libm-2.13.so
b6aa5000-b6aa6000 r--p 00023000 08:06 8127334    /lib/i386-linux-gnu/libm-2.13.so
b6aa6000-b6aa7000 rw-p 00024000 08:06 8127334    /lib/i386-linux-gnu/libm-2.13.so
b6aa7000-b6b86000 r-xp 00000000 08:06 6822248    /usr/lib/i386-linux-gnu/libstdc++.so.6.0.14
b6b86000-b6b8a000 r--p 000de000 08:06 6822248    /usr/lib/i386-linux-gnu/libstdc++.so.6.0.14
b6b8a000-b6b8b000 rw-p 000e2000 08:06 6822248    /usr/lib/i386-linux-gnu/libstdc++.so.6.0.14
b6b8b000-b6b92000 rw-p 00000000 00:00 0 
b6b92000-b7258000 r-xp 00000000 08:06 8127618    /usr/lib/jvm/java-6-openjdk/jre/lib/i386/server/libjvm.so
b7258000-b7259000 ---p 006c6000 08:06 8127618    /usr/lib/jvm/java-6-openjdk/jre/lib/i386/server/libjvm.so
b7259000-b729e000 r--p 006c6000 08:06 8127618    /usr/lib/jvm/java-6-openjdk/jre/lib/i386/server/libjvm.so
b729e000-b72ad000 rw-p 0070b000 08:06 8127618    /usr/lib/jvm/java-6-openjdk/jre/lib/i386/server/libjvm.so
b72ad000-b76c9000 rw-p 00000000 00:00 0 
b76c9000-b7823000 r-xp 00000000 08:06 8127297    /lib/i386-linux-gnu/libc-2.13.so
b7823000-b7824000 ---p 0015a000 08:06 8127297    /lib/i386-linux-gnu/libc-2.13.so
b7824000-b7826000 r--p 0015a000 08:06 8127297    /lib/i386-linux-gnu/libc-2.13.so
b7826000-b7827000 rw-p 0015c000 08:06 8127297    /lib/i386-linux-gnu/libc-2.13.so
b7827000-b782a000 rw-p 00000000 00:00 0 
b782a000-b782c000 r-xp 00000000 08:06 8127307    /lib/i386-linux-gnu/libdl-2.13.so
b782c000-b782d000 r--p 00001000 08:06 8127307    /lib/i386-linux-gnu/libdl-2.13.so
b782d000-b782e000 rw-p 00002000 08:06 8127307    /lib/i386-linux-gnu/libdl-2.13.so
b782e000-b7831000 r-xp 00000000 08:06 8127585    /usr/lib/jvm/java-6-openjdk/jre/lib/i386/jli/libjli.so
b7831000-b7832000 r--p 00002000 08:06 8127585    /usr/lib/jvm/java-6-openjdk/jre/lib/i386/jli/libjli.so
b7832000-b7833000 rw-p 00003000 08:06 8127585    /usr/lib/jvm/java-6-openjdk/jre/lib/i386/jli/libjli.so
b7833000-b7848000 r-xp 00000000 08:06 8127362    /lib/i386-linux-gnu/libpthread-2.13.so
b7848000-b7849000 r--p 00015000 08:06 8127362    /lib/i386-linux-gnu/libpthread-2.13.so
b7849000-b784a000 rw-p 00016000 08:06 8127362    /lib/i386-linux-gnu/libpthread-2.13.so
b784a000-b784d000 rw-p 00000000 00:00 0 
b784d000-b7860000 r-xp 00000000 08:06 8127380    /lib/i386-linux-gnu/libz.so.1.2.3.4
b7860000-b7861000 r--p 00012000 08:06 8127380    /lib/i386-linux-gnu/libz.so.1.2.3.4
b7861000-b7862000 rw-p 00013000 08:06 8127380    /lib/i386-linux-gnu/libz.so.1.2.3.4
b7862000-b7865000 r--s 0000f000 08:06 7211924    /usr/lib/jvm/java-6-openjdk/jre/lib/ext/pulse-java.jar
b7865000-b7870000 r-xp 00000000 08:06 8127613    /usr/lib/jvm/java-6-openjdk/jre/lib/i386/libverify.so
b7870000-b7871000 ---p 0000b000 08:06 8127613    /usr/lib/jvm/java-6-openjdk/jre/lib/i386/libverify.so
b7871000-b7872000 r--p 0000b000 08:06 8127613    /usr/lib/jvm/java-6-openjdk/jre/lib/i386/libverify.so
b7872000-b7873000 rw-p 0000c000 08:06 8127613    /usr/lib/jvm/java-6-openjdk/jre/lib/i386/libverify.so
b7873000-b7875000 rw-p 00000000 00:00 0 
b7875000-b7876000 r-xp 00000000 00:00 0          [vdso]
b7876000-b7892000 r-xp 00000000 08:06 8127284    /lib/i386-linux-gnu/ld-2.13.so
b7892000-b7893000 r--p 0001b000 08:06 8127284    /lib/i386-linux-gnu/ld-2.13.so
b7893000-b7894000 rw-p 0001c000 08:06 8127284    /lib/i386-linux-gnu/ld-2.13.so
bfe3c000-bfe5d000 rw-p 00000000 00:00 0          [stack]

VM Arguments:
jvm_args: -Dfile.encoding=UTF-8 
java_command: ise.gameoflife.RunSimulation
Launcher Type: SUN_STANDARD

Environment Variables:
PATH=/usr/local/sbin:/usr/local/bin:/usr/sbin:/usr/bin:/sbin:/bin:/usr/games
USERNAME=george
LD_LIBRARY_PATH=/usr/lib/jvm/java-6-openjdk/jre/lib/i386/server:/usr/lib/jvm/java-6-openjdk/jre/lib/i386:/usr/lib/jvm/java-6-openjdk/jre/../lib/i386:/usr/lib/jvm/java-6-openjdk/jre/lib/i386/client:/usr/lib/jvm/java-6-openjdk/jre/lib/i386:/usr/lib/jvm/java-6-openjdk/jre/../lib/i386
SHELL=/bin/bash
DISPLAY=:0.0

Signal Handlers:
SIGSEGV: [libjvm.so+0x656ec0], sa_mask[0]=0x7ffbfeff, sa_flags=0x10000004
SIGBUS: [libjvm.so+0x656ec0], sa_mask[0]=0x7ffbfeff, sa_flags=0x10000004
SIGFPE: [libjvm.so+0x51d3e0], sa_mask[0]=0x7ffbfeff, sa_flags=0x10000004
SIGPIPE: SIG_IGN, sa_mask[0]=0x00001000, sa_flags=0x10000000
SIGXFSZ: [libjvm.so+0x51d3e0], sa_mask[0]=0x7ffbfeff, sa_flags=0x10000004
SIGILL: [libjvm.so+0x51d3e0], sa_mask[0]=0x7ffbfeff, sa_flags=0x10000004
SIGUSR1: SIG_DFL, sa_mask[0]=0x00000000, sa_flags=0x00000000
SIGUSR2: [libjvm.so+0x51d250], sa_mask[0]=0x00000004, sa_flags=0x10000004
SIGHUP: [libjvm.so+0x520040], sa_mask[0]=0x7ffbfeff, sa_flags=0x10000004
SIGINT: SIG_IGN, sa_mask[0]=0x00000000, sa_flags=0x00000000
SIGTERM: [libjvm.so+0x520040], sa_mask[0]=0x7ffbfeff, sa_flags=0x10000004
SIGQUIT: [libjvm.so+0x520040], sa_mask[0]=0x7ffbfeff, sa_flags=0x10000004


---------------  S Y S T E M  ---------------

OS:Ubuntu 11.04 (natty)
uname:Linux 2.6.38-8-generic-pae #42-Ubuntu SMP Mon Apr 11 05:17:09 UTC 2011 i686
libc:glibc 2.13 NPTL 2.13 
rlimit: STACK 8192k, CORE 0k, NPROC infinity, NOFILE 4096, AS infinity
load average:2.56 2.26 2.21

/proc/meminfo:
MemTotal:        3978736 kB
MemFree:          382788 kB
Buffers:           13668 kB
Cached:           116776 kB
SwapCached:         2848 kB
Active:          2425948 kB
Inactive:         940584 kB
Active(anon):    2386944 kB
Inactive(anon):   895304 kB
Active(file):      39004 kB
Inactive(file):    45280 kB
Unevictable:          16 kB
Mlocked:              16 kB
HighTotal:       3140696 kB
HighFree:         224668 kB
LowTotal:         838040 kB
LowFree:          158120 kB
SwapTotal:       4050940 kB
SwapFree:        4027060 kB
Dirty:               160 kB
Writeback:             0 kB
AnonPages:       3233748 kB
Mapped:           128280 kB
Shmem:             46036 kB
Slab:              36736 kB
SReclaimable:      21124 kB
SUnreclaim:        15612 kB
KernelStack:        3584 kB
PageTables:        14496 kB
NFS_Unstable:          0 kB
Bounce:                0 kB
WritebackTmp:          0 kB
CommitLimit:     6040308 kB
Committed_AS:    7030864 kB
VmallocTotal:     122880 kB
VmallocUsed:       42640 kB
VmallocChunk:      76964 kB
HardwareCorrupted:     0 kB
HugePages_Total:       0
HugePages_Free:        0
HugePages_Rsvd:        0
HugePages_Surp:        0
Hugepagesize:       2048 kB
DirectMap4k:       10232 kB
DirectMap2M:      903168 kB


CPU:total 4 (2 cores per cpu, 2 threads per core) family 6 model 37 stepping 5, cmov, cx8, fxsr, mmx, sse, sse2, sse3, ssse3, sse4.1, sse4.2, popcnt, ht

Memory: 4k page, physical 3978736k(382788k free), swap 4050940k(4027060k free)

vm_info: OpenJDK Server VM (20.0-b11) for linux-x86 JRE (1.6.0_22-b22), built on Apr  5 2011 14:11:46 by "buildd" with gcc 4.5.2

time: Fri Jun 10 02:41:12 2011
elapsed time: 27 seconds

